1 2 
4 1 3 5 38 
2 2 4 
2 3 24 
2 2 6 
2 5 7 
2 6 8 
3 7 9 10 
3 8 10 11 
4 8 9 11 12 
2 9 10 
3 10 13 19 
4 12 14 18 19 
4 13 15 17 18 
2 14 17 
2 17 35 
4 14 15 16 18 
6 13 14 17 19 27 28 
5 12 13 18 20 21 
2 19 21 
5 19 20 22 24 27 
2 21 23 
2 22 24 
4 4 21 23 26 
1 26 
5 24 25 27 29 31 
5 18 21 26 28 29 
3 18 27 29 
6 26 27 28 30 34 35 
3 29 31 34 
4 26 30 32 34 
5 31 33 34 37 38 
2 32 34 
8 29 30 31 32 33 35 36 37 
4 16 29 34 36 
3 34 35 39 
2 32 34 
2 2 32 
3 36 40 42 
2 39 41 
2 40 42 
2 39 41 
